<?xml version="1.0" encoding="UTF-8"?>
<testng-results skipped="0" failed="1" ignored="0" total="1" passed="0">
  <reporter-output>
  </reporter-output>
  <suite name="Default suite" duration-ms="8936" started-at="2018-03-05T10:53:02Z" finished-at="2018-03-05T10:53:11Z">
    <groups>
    </groups>
    <test name="Default test" duration-ms="8936" started-at="2018-03-05T10:53:02Z" finished-at="2018-03-05T10:53:11Z">
      <class name="testbase.TestBase">
        <test-method status="PASS" signature="beforeMethod(java.lang.reflect.Method)[pri:0, instance:testbase.TestBase@2ea6137]" name="beforeMethod" is-config="true" duration-ms="7" started-at="2018-03-05T17:53:02Z" finished-at="2018-03-05T17:53:02Z">
          <params>
            <param index="0">
              <value>
                <![CDATA[public void testbase.TestBase.testOpenBrower()]]>
              </value>
            </param>
          </params>
          <reporter-output>
          </reporter-output>
        </test-method> <!-- beforeMethod -->
        <test-method status="FAIL" signature="testOpenBrower()[pri:0, instance:testbase.TestBase@2ea6137]" name="testOpenBrower" duration-ms="8137" started-at="2018-03-05T17:53:02Z" finished-at="2018-03-05T17:53:10Z">
          <exception class="java.lang.AssertionError">
            <full-stacktrace>
              <![CDATA[java.lang.AssertionError
	at testbase.TestBase.testOpenBrower(TestBase.java:126)
	at sun.reflect.NativeMethodAccessorImpl.invoke0(Native Method)
	at sun.reflect.NativeMethodAccessorImpl.invoke(NativeMethodAccessorImpl.java:62)
	at sun.reflect.DelegatingMethodAccessorImpl.invoke(DelegatingMethodAccessorImpl.java:43)
	at java.lang.reflect.Method.invoke(Method.java:498)
	at org.testng.internal.MethodInvocationHelper.invokeMethod(MethodInvocationHelper.java:104)
	at org.testng.internal.Invoker.invokeMethod(Invoker.java:645)
	at org.testng.internal.Invoker.invokeTestMethod(Invoker.java:851)
	at org.testng.internal.Invoker.invokeTestMethods(Invoker.java:1177)
	at org.testng.internal.TestMethodWorker.invokeTestMethods(TestMethodWorker.java:129)
	at org.testng.internal.TestMethodWorker.run(TestMethodWorker.java:112)
	at org.testng.TestRunner.privateRun(TestRunner.java:756)
	at org.testng.TestRunner.run(TestRunner.java:610)
	at org.testng.SuiteRunner.runTest(SuiteRunner.java:387)
	at org.testng.SuiteRunner.runSequentially(SuiteRunner.java:382)
	at org.testng.SuiteRunner.privateRun(SuiteRunner.java:340)
	at org.testng.SuiteRunner.run(SuiteRunner.java:289)
	at org.testng.SuiteRunnerWorker.runSuite(SuiteRunnerWorker.java:52)
	at org.testng.SuiteRunnerWorker.run(SuiteRunnerWorker.java:86)
	at org.testng.TestNG.runSuitesSequentially(TestNG.java:1293)
	at org.testng.TestNG.runSuitesLocally(TestNG.java:1218)
	at org.testng.TestNG.runSuites(TestNG.java:1133)
	at org.testng.TestNG.run(TestNG.java:1104)
	at org.testng.remote.AbstractRemoteTestNG.run(AbstractRemoteTestNG.java:132)
	at org.testng.remote.RemoteTestNG.initAndRun(RemoteTestNG.java:230)
	at org.testng.remote.RemoteTestNG.main(RemoteTestNG.java:76)
]]>
            </full-stacktrace>
          </exception> <!-- java.lang.AssertionError -->
          <reporter-output>
          </reporter-output>
        </test-method> <!-- testOpenBrower -->
        <test-method status="PASS" signature="afterMethod(org.testng.ITestResult)[pri:0, instance:testbase.TestBase@2ea6137]" name="afterMethod" is-config="true" duration-ms="556" started-at="2018-03-05T17:53:10Z" finished-at="2018-03-05T17:53:11Z">
          <params>
            <param index="0">
              <value>
                <![CDATA[[TestResult name=testOpenBrower status=FAILURE method=TestBase.testOpenBrower()[pri:0, instance:testbase.TestBase@2ea6137] output={null}]]]>
              </value>
            </param>
          </params>
          <reporter-output>
          </reporter-output>
        </test-method> <!-- afterMethod -->
        <test-method status="PASS" signature="endTest()[pri:0, instance:testbase.TestBase@2ea6137]" name="endTest" is-config="true" duration-ms="217" started-at="2018-03-05T17:53:11Z" finished-at="2018-03-05T17:53:11Z">
          <reporter-output>
          </reporter-output>
        </test-method> <!-- endTest -->
      </class> <!-- testbase.TestBase -->
    </test> <!-- Default test -->
  </suite> <!-- Default suite -->
</testng-results>
